<?xml version="1.0" encoding="UTF-8"?>
<!-- Generated by org.testng.reporters.JUnitXMLReporter -->
<testsuite ignored="0" hostname="Asshu" failures="0" tests="6" name="Chrome Test" time="231.601" errors="0" timestamp="25 Jun 2023 21:51:08 GMT">
  <testcase classname="automationExercise.testCases.TestCase1" name="scenarioTc1" time="34.083"/>
  <testcase classname="automationExercise.testCases.TestCase2" name="scenarioTc2" time="25.159"/>
  <testcase classname="automationExercise.testCases.TestCase3" name="scenarioTc3" time="5.592"/>
  <testcase classname="automationExercise.testCases.TestCase4" name="scenarioTc4" time="23.337"/>
  <testcase classname="automationExercise.testCases.TestCase5" name="scenarioTc5" time="45.46"/>
  <testcase classname="automationExercise.testCases.TestCase6" name="scenarioTc6" time="18.604"/>
</testsuite> <!-- Chrome Test -->
