<?xml version="1.0" encoding="UTF-8"?>
<!-- Generated by org.testng.reporters.JUnitXMLReporter -->
<testsuite ignored="0" hostname="Asshu" failures="0" tests="6" name="Chrome Test" time="265.973" errors="0" timestamp="2023-06-20T14:45:10 IST">
  <testcase classname="automationExercise.testCases.TestCase1" name="scenarioTc1" time="37.112"/>
  <testcase classname="automationExercise.testCases.TestCase2" name="scenarioTc2" time="30.836"/>
  <testcase classname="automationExercise.testCases.TestCase3" name="scenarioTc3" time="10.059"/>
  <testcase classname="automationExercise.testCases.TestCase4" name="scenarioTc3" time="33.577"/>
  <testcase classname="automationExercise.testCases.TestCase5" name="scenarioTc5" time="61.651"/>
  <testcase classname="automationExercise.testCases.TestCase6" name="scenarioTc6" time="14.819"/>
</testsuite> <!-- Chrome Test -->
