<?xml version="1.0" encoding="UTF-8"?>
<!-- Generated by org.testng.reporters.JUnitXMLReporter -->
<testsuite ignored="0" hostname="Asshu" failures="0" tests="6" name="Edge Test" time="246.687" errors="0" timestamp="25 Jun 2023 21:51:23 GMT">
  <testcase classname="automationExercise.testCases.TestCase1" name="scenarioTc1" time="57.071"/>
  <testcase classname="automationExercise.testCases.TestCase2" name="scenarioTc2" time="18.675"/>
  <testcase classname="automationExercise.testCases.TestCase3" name="scenarioTc3" time="5.307"/>
  <testcase classname="automationExercise.testCases.TestCase4" name="scenarioTc4" time="21.525"/>
  <testcase classname="automationExercise.testCases.TestCase5" name="scenarioTc5" time="47.93"/>
  <testcase classname="automationExercise.testCases.TestCase6" name="scenarioTc6" time="14.747"/>
</testsuite> <!-- Edge Test -->
