<?xml version="1.0" encoding="UTF-8"?>
<!-- Generated by org.testng.reporters.JUnitXMLReporter -->
<testsuite ignored="0" hostname="Asshu" failures="0" tests="6" name="Edge Test" time="300.531" errors="0" timestamp="2023-06-20T11:37:58 IST">
  <testcase classname="automationExercise.testCases.TestCase1" name="scenarioTc1" time="40.147"/>
  <testcase classname="automationExercise.testCases.TestCase2" name="scenarioTc2" time="28.856"/>
  <testcase classname="automationExercise.testCases.TestCase3" name="scenarioTc3" time="6.14"/>
  <testcase classname="automationExercise.testCases.TestCase4" name="scenarioTc3" time="32.204"/>
  <testcase classname="automationExercise.testCases.TestCase5" name="scenarioTc5" time="76.682"/>
  <testcase classname="automationExercise.testCases.TestCase6" name="scenarioTc6" time="17.169"/>
</testsuite> <!-- Edge Test -->
