<?xml version="1.0" encoding="UTF-8"?>
<testng-results ignored="0" total="1" passed="1" failed="0" skipped="0">
  <reporter-output>
  </reporter-output>
  <suite started-at="2023-06-19T21:38:56 IST" name="Suite" finished-at="2023-06-19T21:39:14 IST" duration-ms="18617">
    <groups>
    </groups>
    <test started-at="2023-06-19T21:38:56 IST" name="Chrome Test" finished-at="2023-06-19T21:39:14 IST" duration-ms="18617">
      <class name="automationExercise.testCases.TestCase6">
        <test-method is-config="true" signature="initialSetup(java.lang.String)[pri:0, instance:automationExercise.testCases.TestCase6@7ea9e1e2]" started-at="2023-06-19T21:38:56 IST" name="initialSetup" finished-at="2023-06-19T21:39:05 IST" duration-ms="9501" status="PASS">
          <params>
            <param index="0">
              <value>
                <![CDATA[5555]]>
              </value>
            </param>
          </params>
          <reporter-output>
          </reporter-output>
        </test-method> <!-- initialSetup -->
        <test-method signature="scenarioTc6()[pri:0, instance:automationExercise.testCases.TestCase6@7ea9e1e2]" started-at="2023-06-19T21:39:05 IST" name="scenarioTc6" finished-at="2023-06-19T21:39:14 IST" duration-ms="9064" status="PASS">
          <reporter-output>
          </reporter-output>
        </test-method> <!-- scenarioTc6 -->
      </class> <!-- automationExercise.testCases.TestCase6 -->
    </test> <!-- Chrome Test -->
  </suite> <!-- Suite -->
</testng-results>
