<?xml version="1.0" encoding="UTF-8"?>
<testng-results ignored="0" total="12" passed="12" failed="0" skipped="0">
  <reporter-output>
  </reporter-output>
  <suite started-at="2023-06-20T11:32:57 IST" name="Suite" finished-at="2023-06-20T11:37:58 IST" duration-ms="300531">
    <groups>
    </groups>
    <test started-at="2023-06-20T11:32:57 IST" name="Chrome Test" finished-at="2023-06-20T11:37:20 IST" duration-ms="263058">
      <class name="automationExercise.testCases.TestCase1">
        <test-method is-config="true" signature="initialSetup(java.lang.String)[pri:0, instance:automationExercise.testCases.TestCase1@6f46426d]" started-at="2023-06-20T11:32:57 IST" name="initialSetup" finished-at="2023-06-20T11:33:05 IST" duration-ms="8149" status="PASS">
          <params>
            <param index="0">
              <value>
                <![CDATA[5555]]>
              </value>
            </param>
          </params>
          <reporter-output>
          </reporter-output>
        </test-method> <!-- initialSetup -->
        <test-method signature="scenarioTc1()[pri:0, instance:automationExercise.testCases.TestCase1@6f46426d]" started-at="2023-06-20T11:33:05 IST" name="scenarioTc1" finished-at="2023-06-20T11:33:38 IST" duration-ms="33223" status="PASS">
          <reporter-output>
          </reporter-output>
        </test-method> <!-- scenarioTc1 -->
      </class> <!-- automationExercise.testCases.TestCase1 -->
      <class name="automationExercise.testCases.TestCase4">
        <test-method is-config="true" signature="initialSetup(java.lang.String)[pri:0, instance:automationExercise.testCases.TestCase4@63a12c68]" started-at="2023-06-20T11:34:56 IST" name="initialSetup" finished-at="2023-06-20T11:35:01 IST" duration-ms="5264" status="PASS">
          <params>
            <param index="0">
              <value>
                <![CDATA[5555]]>
              </value>
            </param>
          </params>
          <reporter-output>
          </reporter-output>
        </test-method> <!-- initialSetup -->
        <test-method signature="scenarioTc3()[pri:0, instance:automationExercise.testCases.TestCase4@63a12c68]" started-at="2023-06-20T11:35:01 IST" name="scenarioTc3" finished-at="2023-06-20T11:35:35 IST" duration-ms="33567" status="PASS">
          <reporter-output>
          </reporter-output>
        </test-method> <!-- scenarioTc3 -->
      </class> <!-- automationExercise.testCases.TestCase4 -->
      <class name="automationExercise.testCases.TestCase5">
        <test-method is-config="true" signature="initialSetup(java.lang.String)[pri:0, instance:automationExercise.testCases.TestCase5@28f3b248]" started-at="2023-06-20T11:35:35 IST" name="initialSetup" finished-at="2023-06-20T11:35:43 IST" duration-ms="8541" status="PASS">
          <params>
            <param index="0">
              <value>
                <![CDATA[5555]]>
              </value>
            </param>
          </params>
          <reporter-output>
          </reporter-output>
        </test-method> <!-- initialSetup -->
        <test-method signature="scenarioTc5()[pri:0, instance:automationExercise.testCases.TestCase5@28f3b248]" started-at="2023-06-20T11:35:43 IST" name="scenarioTc5" finished-at="2023-06-20T11:36:50 IST" duration-ms="67136" status="PASS">
          <reporter-output>
          </reporter-output>
        </test-method> <!-- scenarioTc5 -->
      </class> <!-- automationExercise.testCases.TestCase5 -->
      <class name="automationExercise.testCases.TestCase2">
        <test-method is-config="true" signature="initialSetup(java.lang.String)[pri:0, instance:automationExercise.testCases.TestCase2@483f6d77]" started-at="2023-06-20T11:33:38 IST" name="initialSetup" finished-at="2023-06-20T11:33:49 IST" duration-ms="10268" status="PASS">
          <params>
            <param index="0">
              <value>
                <![CDATA[5555]]>
              </value>
            </param>
          </params>
          <reporter-output>
          </reporter-output>
        </test-method> <!-- initialSetup -->
        <test-method is-config="true" signature="createAcct()[pri:0, instance:automationExercise.testCases.TestCase2@483f6d77]" started-at="2023-06-20T11:33:49 IST" name="createAcct" finished-at="2023-06-20T11:34:24 IST" duration-ms="35572" status="PASS">
          <reporter-output>
          </reporter-output>
        </test-method> <!-- createAcct -->
        <test-method signature="scenarioTc2()[pri:0, instance:automationExercise.testCases.TestCase2@483f6d77]" started-at="2023-06-20T11:34:24 IST" name="scenarioTc2" finished-at="2023-06-20T11:34:45 IST" duration-ms="20851" status="PASS">
          <reporter-output>
          </reporter-output>
        </test-method> <!-- scenarioTc2 -->
      </class> <!-- automationExercise.testCases.TestCase2 -->
      <class name="automationExercise.testCases.TestCase3">
        <test-method is-config="true" signature="initialSetup(java.lang.String)[pri:0, instance:automationExercise.testCases.TestCase3@7e5afaa6]" started-at="2023-06-20T11:34:45 IST" name="initialSetup" finished-at="2023-06-20T11:34:52 IST" duration-ms="6484" status="PASS">
          <params>
            <param index="0">
              <value>
                <![CDATA[5555]]>
              </value>
            </param>
          </params>
          <reporter-output>
          </reporter-output>
        </test-method> <!-- initialSetup -->
        <test-method signature="scenarioTc3()[pri:0, instance:automationExercise.testCases.TestCase3@7e5afaa6]" started-at="2023-06-20T11:34:52 IST" name="scenarioTc3" finished-at="2023-06-20T11:34:56 IST" duration-ms="4237" status="PASS">
          <reporter-output>
          </reporter-output>
        </test-method> <!-- scenarioTc3 -->
      </class> <!-- automationExercise.testCases.TestCase3 -->
      <class name="automationExercise.testCases.TestCase6">
        <test-method is-config="true" signature="initialSetup(java.lang.String)[pri:0, instance:automationExercise.testCases.TestCase6@1b1426f4]" started-at="2023-06-20T11:36:50 IST" name="initialSetup" finished-at="2023-06-20T11:37:04 IST" duration-ms="13768" status="PASS">
          <params>
            <param index="0">
              <value>
                <![CDATA[5555]]>
              </value>
            </param>
          </params>
          <reporter-output>
          </reporter-output>
        </test-method> <!-- initialSetup -->
        <test-method signature="scenarioTc6()[pri:0, instance:automationExercise.testCases.TestCase6@1b1426f4]" started-at="2023-06-20T11:37:04 IST" name="scenarioTc6" finished-at="2023-06-20T11:37:20 IST" duration-ms="15935" status="PASS">
          <reporter-output>
          </reporter-output>
        </test-method> <!-- scenarioTc6 -->
      </class> <!-- automationExercise.testCases.TestCase6 -->
    </test> <!-- Chrome Test -->
    <test started-at="2023-06-20T11:32:57 IST" name="Edge Test" finished-at="2023-06-20T11:37:58 IST" duration-ms="300531">
      <class name="automationExercise.testCases.TestCase1">
        <test-method is-config="true" signature="initialSetup(java.lang.String)[pri:0, instance:automationExercise.testCases.TestCase1@f5acb9d]" started-at="2023-06-20T11:32:57 IST" name="initialSetup" finished-at="2023-06-20T11:33:11 IST" duration-ms="14021" status="PASS">
          <params>
            <param index="0">
              <value>
                <![CDATA[6666]]>
              </value>
            </param>
          </params>
          <reporter-output>
          </reporter-output>
        </test-method> <!-- initialSetup -->
        <test-method signature="scenarioTc1()[pri:0, instance:automationExercise.testCases.TestCase1@f5acb9d]" started-at="2023-06-20T11:33:11 IST" name="scenarioTc1" finished-at="2023-06-20T11:33:51 IST" duration-ms="40147" status="PASS">
          <reporter-output>
          </reporter-output>
        </test-method> <!-- scenarioTc1 -->
      </class> <!-- automationExercise.testCases.TestCase1 -->
      <class name="automationExercise.testCases.TestCase4">
        <test-method is-config="true" signature="initialSetup(java.lang.String)[pri:0, instance:automationExercise.testCases.TestCase4@2c35e847]" started-at="2023-06-20T11:35:24 IST" name="initialSetup" finished-at="2023-06-20T11:35:33 IST" duration-ms="9127" status="PASS">
          <params>
            <param index="0">
              <value>
                <![CDATA[6666]]>
              </value>
            </param>
          </params>
          <reporter-output>
          </reporter-output>
        </test-method> <!-- initialSetup -->
        <test-method signature="scenarioTc3()[pri:0, instance:automationExercise.testCases.TestCase4@2c35e847]" started-at="2023-06-20T11:35:33 IST" name="scenarioTc3" finished-at="2023-06-20T11:36:05 IST" duration-ms="32204" status="PASS">
          <reporter-output>
          </reporter-output>
        </test-method> <!-- scenarioTc3 -->
      </class> <!-- automationExercise.testCases.TestCase4 -->
      <class name="automationExercise.testCases.TestCase5">
        <test-method is-config="true" signature="initialSetup(java.lang.String)[pri:0, instance:automationExercise.testCases.TestCase5@7bd4937b]" started-at="2023-06-20T11:36:05 IST" name="initialSetup" finished-at="2023-06-20T11:36:17 IST" duration-ms="11617" status="PASS">
          <params>
            <param index="0">
              <value>
                <![CDATA[6666]]>
              </value>
            </param>
          </params>
          <reporter-output>
          </reporter-output>
        </test-method> <!-- initialSetup -->
        <test-method signature="scenarioTc5()[pri:0, instance:automationExercise.testCases.TestCase5@7bd4937b]" started-at="2023-06-20T11:36:17 IST" name="scenarioTc5" finished-at="2023-06-20T11:37:33 IST" duration-ms="76682" status="PASS">
          <reporter-output>
          </reporter-output>
        </test-method> <!-- scenarioTc5 -->
      </class> <!-- automationExercise.testCases.TestCase5 -->
      <class name="automationExercise.testCases.TestCase2">
        <test-method is-config="true" signature="initialSetup(java.lang.String)[pri:0, instance:automationExercise.testCases.TestCase2@25fb8912]" started-at="2023-06-20T11:33:51 IST" name="initialSetup" finished-at="2023-06-20T11:34:06 IST" duration-ms="15161" status="PASS">
          <params>
            <param index="0">
              <value>
                <![CDATA[6666]]>
              </value>
            </param>
          </params>
          <reporter-output>
          </reporter-output>
        </test-method> <!-- initialSetup -->
        <test-method is-config="true" signature="createAcct()[pri:0, instance:automationExercise.testCases.TestCase2@25fb8912]" started-at="2023-06-20T11:34:06 IST" name="createAcct" finished-at="2023-06-20T11:34:42 IST" duration-ms="35310" status="PASS">
          <reporter-output>
          </reporter-output>
        </test-method> <!-- createAcct -->
        <test-method signature="scenarioTc2()[pri:0, instance:automationExercise.testCases.TestCase2@25fb8912]" started-at="2023-06-20T11:34:42 IST" name="scenarioTc2" finished-at="2023-06-20T11:35:11 IST" duration-ms="28856" status="PASS">
          <reporter-output>
          </reporter-output>
        </test-method> <!-- scenarioTc2 -->
      </class> <!-- automationExercise.testCases.TestCase2 -->
      <class name="automationExercise.testCases.TestCase3">
        <test-method is-config="true" signature="initialSetup(java.lang.String)[pri:0, instance:automationExercise.testCases.TestCase3@7c24b813]" started-at="2023-06-20T11:35:11 IST" name="initialSetup" finished-at="2023-06-20T11:35:18 IST" duration-ms="6989" status="PASS">
          <params>
            <param index="0">
              <value>
                <![CDATA[6666]]>
              </value>
            </param>
          </params>
          <reporter-output>
          </reporter-output>
        </test-method> <!-- initialSetup -->
        <test-method signature="scenarioTc3()[pri:0, instance:automationExercise.testCases.TestCase3@7c24b813]" started-at="2023-06-20T11:35:18 IST" name="scenarioTc3" finished-at="2023-06-20T11:35:24 IST" duration-ms="6140" status="PASS">
          <reporter-output>
          </reporter-output>
        </test-method> <!-- scenarioTc3 -->
      </class> <!-- automationExercise.testCases.TestCase3 -->
      <class name="automationExercise.testCases.TestCase6">
        <test-method is-config="true" signature="initialSetup(java.lang.String)[pri:0, instance:automationExercise.testCases.TestCase6@21e360a]" started-at="2023-06-20T11:37:33 IST" name="initialSetup" finished-at="2023-06-20T11:37:40 IST" duration-ms="7075" status="PASS">
          <params>
            <param index="0">
              <value>
                <![CDATA[6666]]>
              </value>
            </param>
          </params>
          <reporter-output>
          </reporter-output>
        </test-method> <!-- initialSetup -->
        <test-method signature="scenarioTc6()[pri:0, instance:automationExercise.testCases.TestCase6@21e360a]" started-at="2023-06-20T11:37:40 IST" name="scenarioTc6" finished-at="2023-06-20T11:37:58 IST" duration-ms="17169" status="PASS">
          <reporter-output>
          </reporter-output>
        </test-method> <!-- scenarioTc6 -->
      </class> <!-- automationExercise.testCases.TestCase6 -->
    </test> <!-- Edge Test -->
  </suite> <!-- Suite -->
</testng-results>
